<?xml version="1.0" encoding="UTF-8"?>
<testsuite xmlns:xsi="http://www.w3.org/2001/XMLSchema-instance" xsi:noNamespaceSchemaLocation="https://maven.apache.org/surefire/maven-surefire-plugin/xsd/surefire-test-report.xsd" name="TestSuite" time="163.446" tests="4" errors="0" skipped="0" failures="1">
  <properties>
[...]
</properties>
  <testcase name="createAccountTest" classname="hometest.testcases.SignUpTest" time="21.008"/>
  <testcase name="verifyProductListing" classname="hometest.testcases.AddToCartTest" time="11.993"/>
  <testcase name="downloadOrderInvoice" classname="hometest.testcases.OrderDetailsTest" time="12.748">
    <failure message="Downloaded document is not found did not expect to find [true] but found [false]" type="java.lang.AssertionError">java.lang.AssertionError: Downloaded document is not found did not expect to find [true] but found [false]
	at hometest.testcases.OrderDetailsTest.downloadOrderInvoice(OrderDetailsTest.java:45)
</failure>
    <system-out><![CDATA[11-17-2019 17:19:26 BaseTest.java INFO  [main] logging.Log 32 - Parameter found : prod
11-17-2019 17:19:26 BaseTest.java INFO  [main] logging.Log 34 - Browser invoked : chrome
11-17-2019 17:19:35 BaseTest.java INFO  [main] logging.Log 49 - Browser window maximised
11-17-2019 17:19:43 BaseTest.java INFO  [main] logging.Log 56 - Navigated to prod environment
11-17-2019 17:19:43 TestUtils.java INFO  [main] logging.Log 66 - *********started with Test OrderDetailsTest.downloadOrderInvoice()[pri:0, instance:hometest.testcases.OrderDetailsTest@2b552920] **********
11-17-2019 17:19:43 SignUpPage.java DEBUG [main] logging.Log 149 - Waiting for SignIn button to be display in the signIn page
11-17-2019 17:19:46 SignUpPage.java INFO  [main] logging.Log 152 - Clicked on SignIn button in the signIn page
11-17-2019 17:19:46 SignUpPage.java DEBUG [main] logging.Log 153 - Entering username and password
11-17-2019 17:19:49 SignUpPage.java INFO  [main] logging.Log 157 - Clicked on Submit SignIn button in the signIn page
11-17-2019 17:19:49 OrderDetailsPage.java INFO  [main] logging.Log 32 - Waiting for order history page to load
11-17-2019 17:19:52 OrderDetailsPage.java INFO  [main] logging.Log 35 - Successfully clicked on order history button
11-17-2019 17:19:52 OrderDetailsPage.java INFO  [main] logging.Log 43 - Waiting for invoice to diplay in order history page
11-17-2019 17:19:52 OrderDetailsPage.java INFO  [main] logging.Log 46 - Successfully clicked on invoice in order history page
File IN138526.pdf.crdownload
]]></system-out>
    <system-err><![CDATA[Starting ChromeDriver 2.46.628402 (536cd7adbad73a3783fdc2cab92ab2ba7ec361e1) on port 13802
Only local connections are allowed.
Please protect ports used by ChromeDriver and related test frameworks to prevent access by malicious code.
[1573991369.741][WARNING]: Timed out connecting to Chrome, retrying...
Nov 17, 2019 5:19:31 PM org.openqa.selenium.remote.ProtocolHandshake createSession
INFO: Detected dialect: OSS
[1573991373.812][WARNING]: Timed out connecting to Chrome, retrying...
]]></system-err>
  </testcase>
  <testcase name="placeOrder" classname="hometest.testcases.CheckOutTest" time="30.102"/>
</testsuite>